<?xml version="1.0" encoding="UTF-8"?>
<!-- Generated by org.testng.reporters.JUnitXMLReporter -->
<testsuite ignored="0" hostname="DESKTOP-GDMMUF9" failures="0" tests="3" name="Test" time="19.558" errors="0" timestamp="2024-08-03T03:05:57 GMT-07:00">
  <testcase classname="com.Fugare.MakeMeShope.UpladFile" name="uploadflie" time="5.055"/>
  <testcase classname="com.Fugare.MakeMeShope.Login_Test" name="LoginTest" time="4.169"/>
  <testcase classname="com.Fugare.MakeMeShope.Login_Test" name="dashboardTitle" time="0.727"/>
</testsuite> <!-- Test -->
