<?xml version="1.0" encoding="UTF-8"?>
<testng-results ignored="0" total="3" passed="3" failed="0" skipped="0">
  <reporter-output>
  </reporter-output>
  <suite started-at="2024-08-03T03:05:37 GMT-07:00" name="Suite" finished-at="2024-08-03T03:05:57 GMT-07:00" duration-ms="19558">
    <groups>
    </groups>
    <test started-at="2024-08-03T03:05:37 GMT-07:00" name="Test" finished-at="2024-08-03T03:05:57 GMT-07:00" duration-ms="19558">
      <class name="com.Fugare.MakeMeShope.Login_Test">
        <test-method is-config="true" signature="setUp()[pri:0, instance:com.Fugare.MakeMeShope.Login_Test@1972e513]" started-at="2024-08-03T03:05:49 GMT-07:00" name="setUp" finished-at="2024-08-03T03:05:51 GMT-07:00" duration-ms="2008" status="PASS">
          <reporter-output>
          </reporter-output>
        </test-method> <!-- setUp -->
        <test-method signature="LoginTest(java.lang.String,java.lang.String)[pri:0, instance:com.Fugare.MakeMeShope.Login_Test@1972e513]" started-at="2024-08-03T03:05:51 GMT-07:00" name="LoginTest" data-provider="loginData" finished-at="2024-08-03T03:05:55 GMT-07:00" duration-ms="4169" status="PASS">
          <params>
            <param index="0">
              <value>
                <![CDATA[dattatrayfugare77@gmail.com]]>
              </value>
            </param>
            <param index="1">
              <value>
                <![CDATA[dattasujay1]]>
              </value>
            </param>
          </params>
          <reporter-output>
          </reporter-output>
        </test-method> <!-- LoginTest -->
        <test-method signature="dashboardTitle()[pri:0, instance:com.Fugare.MakeMeShope.Login_Test@1972e513]" started-at="2024-08-03T03:05:55 GMT-07:00" name="dashboardTitle" finished-at="2024-08-03T03:05:56 GMT-07:00" depends-on-methods="com.Fugare.MakeMeShope.Login_Test.LoginTest" duration-ms="727" status="PASS">
          <reporter-output>
          </reporter-output>
        </test-method> <!-- dashboardTitle -->
        <test-method is-config="true" signature="tearDown()[pri:0, instance:com.Fugare.MakeMeShope.Login_Test@1972e513]" started-at="2024-08-03T03:05:56 GMT-07:00" name="tearDown" finished-at="2024-08-03T03:05:57 GMT-07:00" duration-ms="1024" status="PASS">
          <reporter-output>
          </reporter-output>
        </test-method> <!-- tearDown -->
      </class> <!-- com.Fugare.MakeMeShope.Login_Test -->
      <class name="com.Fugare.MakeMeShope.UpladFile">
        <test-method is-config="true" signature="setUp()[pri:0, instance:com.Fugare.MakeMeShope.UpladFile@609e8838]" started-at="2024-08-03T03:05:38 GMT-07:00" name="setUp" finished-at="2024-08-03T03:05:43 GMT-07:00" duration-ms="5150" status="PASS">
          <reporter-output>
          </reporter-output>
        </test-method> <!-- setUp -->
        <test-method signature="uploadflie()[pri:0, instance:com.Fugare.MakeMeShope.UpladFile@609e8838]" started-at="2024-08-03T03:05:43 GMT-07:00" name="uploadflie" finished-at="2024-08-03T03:05:48 GMT-07:00" duration-ms="5055" status="PASS">
          <reporter-output>
          </reporter-output>
        </test-method> <!-- uploadflie -->
        <test-method is-config="true" signature="terwoubn()[pri:0, instance:com.Fugare.MakeMeShope.UpladFile@609e8838]" started-at="2024-08-03T03:05:48 GMT-07:00" name="terwoubn" finished-at="2024-08-03T03:05:49 GMT-07:00" duration-ms="882" status="PASS">
          <reporter-output>
          </reporter-output>
        </test-method> <!-- terwoubn -->
      </class> <!-- com.Fugare.MakeMeShope.UpladFile -->
    </test> <!-- Test -->
  </suite> <!-- Suite -->
</testng-results>
